7/25/2021 10:04:29 AM	This log contains information about the import schema operation into project 'SSDTProject' on computer 'WELCOME' by user 'H!'.
7/25/2021 10:04:30 AM	Import of database schema has started.
7/25/2021 10:04:47 AM	Gathering database options
7/25/2021 10:04:47 AM	Gathering users
7/25/2021 10:04:47 AM	Gathering roles
7/25/2021 10:04:47 AM	Gathering application roles
7/25/2021 10:04:47 AM	Gathering role memberships
7/25/2021 10:04:47 AM	Gathering filegroups
7/25/2021 10:04:48 AM	Gathering full-text catalogs
7/25/2021 10:04:48 AM	Gathering assemblies
7/25/2021 10:04:48 AM	Gathering certificates
7/25/2021 10:04:48 AM	Gathering asymmetric keys
7/25/2021 10:04:48 AM	Gathering symmetric keys
7/25/2021 10:04:48 AM	Gathering encrypted symmetric keys
7/25/2021 10:04:48 AM	Gathering schemas
7/25/2021 10:04:48 AM	Gathering XML schema collections
7/25/2021 10:04:48 AM	Gathering user-defined data types
7/25/2021 10:04:48 AM	Gathering user-defined types
7/25/2021 10:04:48 AM	Gathering table types
7/25/2021 10:04:48 AM	Gathering unique keys for table types
7/25/2021 10:04:48 AM	Gathering primary keys for table types
7/25/2021 10:04:48 AM	Gathering check constraints for table types
7/25/2021 10:04:48 AM	Gathering default constraints for table types
7/25/2021 10:04:48 AM	Gathering partition functions
7/25/2021 10:04:48 AM	Gathering partition schemes
7/25/2021 10:04:48 AM	Gathering functions
7/25/2021 10:04:48 AM	Gathering encrypted functions
7/25/2021 10:04:48 AM	Gathering aggregates
7/25/2021 10:04:48 AM	Gathering procedures
7/25/2021 10:04:49 AM	Gathering encrypted procedures
7/25/2021 10:04:49 AM	Gathering tables
7/25/2021 10:04:49 AM	Gathering primary keys
7/25/2021 10:04:49 AM	Gathering unique constraints
7/25/2021 10:04:49 AM	Gathering foreign keys
7/25/2021 10:04:49 AM	Gathering default constraints
7/25/2021 10:04:49 AM	Gathering check constraints
7/25/2021 10:04:49 AM	Gathering views
7/25/2021 10:04:49 AM	Gathering encrypted views
7/25/2021 10:04:49 AM	Gathering indexes
7/25/2021 10:04:49 AM	Gathering statistics
7/25/2021 10:04:49 AM	Gathering full-text index stoplists
7/25/2021 10:04:49 AM	Gathering search property lists
7/25/2021 10:04:49 AM	Gathering search properties
7/25/2021 10:04:49 AM	Gathering full-text indexes
7/25/2021 10:04:49 AM	Gathering column store indexes
7/25/2021 10:04:49 AM	Gathering spatial indexes
7/25/2021 10:04:49 AM	Gathering XML indexes
7/25/2021 10:04:49 AM	Gathering encrypted triggers
7/25/2021 10:04:49 AM	Gathering triggers
7/25/2021 10:04:49 AM	Gathering encrypted and clr ddl triggers
7/25/2021 10:04:49 AM	Gathering ddl triggers
7/25/2021 10:04:49 AM	Gathering synonyms
7/25/2021 10:04:49 AM	Gathering defaults
7/25/2021 10:04:49 AM	Gathering data constraint uddt bindings
7/25/2021 10:04:49 AM	Gathering rules
7/25/2021 10:04:49 AM	Gathering data constraint uddt bindings
7/25/2021 10:04:49 AM	Gathering message types
7/25/2021 10:04:49 AM	Gathering queues
7/25/2021 10:04:49 AM	Gathering contracts
7/25/2021 10:04:49 AM	Gathering services
7/25/2021 10:04:49 AM	Gathering event notifications
7/25/2021 10:04:49 AM	Gathering remote service bindings
7/25/2021 10:04:49 AM	Gathering broker priorities
7/25/2021 10:04:49 AM	Gathering signatures
7/25/2021 10:04:49 AM	Gathering data compression options
7/25/2021 10:04:49 AM	Gathering sequence types
7/25/2021 10:04:49 AM	Gathering extended properties
7/25/2021 10:04:50 AM	Gathering credentials
7/25/2021 10:04:50 AM	Gathering logins
7/25/2021 10:04:50 AM	Gathering server audits
7/25/2021 10:04:52 AM	Scanning project for duplicate elements
7/25/2021 10:04:53 AM	Finished duplicate element processing
7/25/2021 10:04:54 AM	Finished importing database.
7/25/2021 10:04:54 AM	A summary of the import was saved to the following location: C:\Users\H!\source\repos\SSDTProject\SSDTProject\Import Schema Logs\SSDTProject_20210725043429.log
7/25/2021 10:04:54 AM	Click Finish to continue...
